# JRE version: OpenJDK Runtime Environment (8.0_265-b01) (build 1.8.0_265-b01)
# Java VM: OpenJDK 64-Bit Server VM (25.265-b01 mixed mode windows-amd64 compressed oops)
Heap:
 PSYoungGen      total 70656K, used 64060K [0x00000000d6200000, 0x00000000dac00000, 0x0000000100000000)
  eden space 65536K, 97% used [0x00000000d6200000,0x00000000da03f2c0,0x00000000da200000)
  from space 5120K, 6% used [0x00000000da200000,0x00000000da250000,0x00000000da700000)
  to   space 5120K, 0% used [0x00000000da700000,0x00000000da700000,0x00000000dac00000)
 ParOldGen       total 72192K, used 9776K [0x0000000082600000, 0x0000000086c80000, 0x00000000d6200000)
  object space 72192K, 13% used [0x0000000082600000,0x0000000082f8c358,0x0000000086c80000)
 Metaspace       used 21283K, capacity 21596K, committed 21808K, reserved 1069056K
  class space    used 2574K, capacity 2685K, committed 2688K, reserved 1048576K
GC Heap History (8 events):
Event: 1.057 GC heap before
{Heap before GC invocations=1 (full 0):
 PSYoungGen      total 37888K, used 32768K [0x00000000d6200000, 0x00000000d8c00000, 0x0000000100000000)
  eden space 32768K, 100% used [0x00000000d6200000,0x00000000d8200000,0x00000000d8200000)
  from space 5120K, 0% used [0x00000000d8700000,0x00000000d8700000,0x00000000d8c00000)
  to   space 5120K, 0% used [0x00000000d8200000,0x00000000d8200000,0x00000000d8700000)
 ParOldGen       total 86016K, used 0K [0x0000000082600000, 0x0000000087a00000, 0x00000000d6200000)
  object space 86016K, 0% used [0x0000000082600000,0x0000000082600000,0x0000000087a00000)
 Metaspace       used 13404K, capacity 13646K, committed 13952K, reserved 1060864K
  class space    used 1561K, capacity 1644K, committed 1664K, reserved 1048576K
Event: 1.068 GC heap after
Heap after GC invocations=1 (full 0):
 PSYoungGen      total 37888K, used 5113K [0x00000000d6200000, 0x00000000dac00000, 0x0000000100000000)
  eden space 32768K, 0% used [0x00000000d6200000,0x00000000d6200000,0x00000000d8200000)
  from space 5120K, 99% used [0x00000000d8200000,0x00000000d86fe7e0,0x00000000d8700000)
  to   space 5120K, 0% used [0x00000000da700000,0x00000000da700000,0x00000000dac00000)
 ParOldGen       total 86016K, used 439K [0x0000000082600000, 0x0000000087a00000, 0x00000000d6200000)
  object space 86016K, 0% used [0x0000000082600000,0x000000008266dd30,0x0000000087a00000)
 Metaspace       used 13404K, capacity 13646K, committed 13952K, reserved 1060864K
  class space    used 1561K, capacity 1644K, committed 1664K, reserved 1048576K
}
Event: 2.946 GC heap before
{Heap before GC invocations=2 (full 0):
 PSYoungGen      total 37888K, used 30005K [0x00000000d6200000, 0x00000000dac00000, 0x0000000100000000)
  eden space 32768K, 75% used [0x00000000d6200000,0x00000000d7a4ef30,0x00000000d8200000)
  from space 5120K, 99% used [0x00000000d8200000,0x00000000d86fe7e0,0x00000000d8700000)
  to   space 5120K, 0% used [0x00000000da700000,0x00000000da700000,0x00000000dac00000)
 ParOldGen       total 86016K, used 439K [0x0000000082600000, 0x0000000087a00000, 0x00000000d6200000)
  object space 86016K, 0% used [0x0000000082600000,0x000000008266dd30,0x0000000087a00000)
 Metaspace       used 20762K, capacity 21062K, committed 21296K, reserved 1069056K
  class space    used 2556K, capacity 2682K, committed 2688K, reserved 1048576K
Event: 2.965 GC heap after
Heap after GC invocations=2 (full 0):
 PSYoungGen      total 70656K, used 5106K [0x00000000d6200000, 0x00000000dac00000, 0x0000000100000000)
  eden space 65536K, 0% used [0x00000000d6200000,0x00000000d6200000,0x00000000da200000)
  from space 5120K, 99% used [0x00000000da700000,0x00000000dabfcbd0,0x00000000dac00000)
  to   space 5120K, 0% used [0x00000000da200000,0x00000000da200000,0x00000000da700000)
 ParOldGen       total 86016K, used 5230K [0x0000000082600000, 0x0000000087a00000, 0x00000000d6200000)
  object space 86016K, 6% used [0x0000000082600000,0x0000000082b1b848,0x0000000087a00000)
 Metaspace       used 20762K, capacity 21062K, committed 21296K, reserved 1069056K
  class space    used 2556K, capacity 2682K, committed 2688K, reserved 1048576K
}
Event: 2.965 GC heap before
{Heap before GC invocations=3 (full 1):
 PSYoungGen      total 70656K, used 5106K [0x00000000d6200000, 0x00000000dac00000, 0x0000000100000000)
  eden space 65536K, 0% used [0x00000000d6200000,0x00000000d6200000,0x00000000da200000)
  from space 5120K, 99% used [0x00000000da700000,0x00000000dabfcbd0,0x00000000dac00000)
  to   space 5120K, 0% used [0x00000000da200000,0x00000000da200000,0x00000000da700000)
 ParOldGen       total 86016K, used 5230K [0x0000000082600000, 0x0000000087a00000, 0x00000000d6200000)
  object space 86016K, 6% used [0x0000000082600000,0x0000000082b1b848,0x0000000087a00000)
 Metaspace       used 20762K, capacity 21062K, committed 21296K, reserved 1069056K
  class space    used 2556K, capacity 2682K, committed 2688K, reserved 1048576K
Event: 3.045 GC heap after
Heap after GC invocations=3 (full 1):
 PSYoungGen      total 70656K, used 0K [0x00000000d6200000, 0x00000000dac00000, 0x0000000100000000)
  eden space 65536K, 0% used [0x00000000d6200000,0x00000000d6200000,0x00000000da200000)
  from space 5120K, 0% used [0x00000000da700000,0x00000000da700000,0x00000000dac00000)
  to   space 5120K, 0% used [0x00000000da200000,0x00000000da200000,0x00000000da700000)
 ParOldGen       total 72192K, used 9768K [0x0000000082600000, 0x0000000086c80000, 0x00000000d6200000)
  object space 72192K, 13% used [0x0000000082600000,0x0000000082f8a358,0x0000000086c80000)
 Metaspace       used 20762K, capacity 21062K, committed 21296K, reserved 1069056K
  class space    used 2556K, capacity 2682K, committed 2688K, reserved 1048576K
}
Event: 8581.294 GC heap before
{Heap before GC invocations=4 (full 1):
 PSYoungGen      total 70656K, used 65536K [0x00000000d6200000, 0x00000000dac00000, 0x0000000100000000)
  eden space 65536K, 100% used [0x00000000d6200000,0x00000000da200000,0x00000000da200000)
  from space 5120K, 0% used [0x00000000da700000,0x00000000da700000,0x00000000dac00000)
  to   space 5120K, 0% used [0x00000000da200000,0x00000000da200000,0x00000000da700000)
 ParOldGen       total 72192K, used 9768K [0x0000000082600000, 0x0000000086c80000, 0x00000000d6200000)
  object space 72192K, 13% used [0x0000000082600000,0x0000000082f8a358,0x0000000086c80000)
 Metaspace       used 21259K, capacity 21586K, committed 21808K, reserved 1069056K
  class space    used 2570K, capacity 2682K, committed 2688K, reserved 1048576K
Event: 8581.319 GC heap after
Heap after GC invocations=4 (full 1):
 PSYoungGen      total 70656K, used 320K [0x00000000d6200000, 0x00000000dac00000, 0x0000000100000000)
  eden space 65536K, 0% used [0x00000000d6200000,0x00000000d6200000,0x00000000da200000)
  from space 5120K, 6% used [0x00000000da200000,0x00000000da250000,0x00000000da700000)
  to   space 5120K, 0% used [0x00000000da700000,0x00000000da700000,0x00000000dac00000)
 ParOldGen       total 72192K, used 9776K [0x0000000082600000, 0x0000000086c80000, 0x00000000d6200000)
  object space 72192K, 13% used [0x0000000082600000,0x0000000082f8c358,0x0000000086c80000)
 Metaspace       used 21259K, capacity 21586K, committed 21808K, reserved 1069056K
  class space    used 2570K, capacity 2682K, committed 2688K, reserved 1048576K
}

